<?xml version="1.0" encoding="UTF-8"?>
<!-- Generated by org.testng.reporters.JUnitXMLReporter -->
<testsuite ignored="2" hostname="ASUSTUFA17" failures="0" tests="5" name="Car Loan" time="0.038" errors="0" timestamp="2024-11-08T20:18:44 IST">
  <testcase classname="test.day3" name="MobileSignoutCarLoan" time="0.008"/>
  <testcase classname="test.day3" name="MobileSignoutCarLoan" time="0.0"/>
  <testcase classname="test.day3" name="MobileSignoutCarLoan" time="0.001"/>
  <testcase classname="test.day3" name="MobileloginCarLoan" time="0.0"/>
  <testcase classname="test.day3" name="WebloginCarLoan" time="0.001"/>
  <testcase classname="test.day3" name="MobileSigninCarLoan" time="0.0">
    <ignored/>
  </testcase> <!-- MobileSigninCarLoan -->
  <testcase classname="test.day3" name="APICarLoan" time="0.0">
    <ignored/>
  </testcase> <!-- APICarLoan -->
</testsuite> <!-- Car Loan -->
