<?xml version="1.0" encoding="UTF-8"?>
<!-- Generated by org.testng.reporters.JUnitXMLReporter -->
<testsuite ignored="1" hostname="ASUSTUFA17" failures="0" tests="5" name="Personal Loan" time="0.038" errors="0" timestamp="2024-11-08T20:18:44 IST">
  <testcase classname="test.day1" name="Demo" time="0.006"/>
  <testcase classname="test.day2" name="ploan" time="0.002"/>
  <testcase classname="test.day4" name="LoginAPIHomeLoan" time="0.002"/>
  <testcase classname="test.day4" name="MobileloginHomeLoan" time="0.001"/>
  <testcase classname="test.day4" name="WebloginHomeLoan" time="0.001"/>
  <testcase classname="test.day1" name="SecondTest" time="0.0">
    <ignored/>
  </testcase> <!-- SecondTest -->
</testsuite> <!-- Personal Loan -->
